[2J[01;01H[=3h[2J[01;01H[0m[35m[40m[0m[37m[40mBdsDxe: failed to load Boot0001 "UEFI QEMU DVD-ROM QM00003 " from PciRoot(0x0)/Pci(0x1,0x1)/Ata(Secondary,Master,0x0): Not Found
BdsDxe: loading Boot0002 "UEFI QEMU HARDDISK QM00001 " from PciRoot(0x0)/Pci(0x1,0x1)/Ata(Primary,Master,0x0)
BdsDxe: starting Boot0002 "UEFI QEMU HARDDISK QM00001 " from PciRoot(0x0)/Pci(0x1,0x1)/Ata(Primary,Master,0x0)
[2J[01;01H!!!! X64 Exception Type - 06(#UD - Invalid Opcode)  CPU Apic ID - 00000000 !!!!
RIP  - 00000000001001E9, CS  - 0000000000000038, RFLAGS - 0000000000010282
RAX  - 0000000007EBD701, RCX - 0000000000100170, RDX - 0000000007EBD6E0
RBX  - 000000000671BD48, RSP - 0000000007EBD678, RBP - 0000000007EBD700
RSI  - 0000000007EBD6E0, RDI - 0000000007EBD710
R8   - 00000000000000E6, R9  - 00000000078EE967, R10 - 0000000007EC0F29
R11  - 0000000007EBD4A1, R12 - 0000000000000000, R13 - 0000000000000000
R14  - 000000000671BC98, R15 - 0000000000000004
DS   - 0000000000000030, ES  - 0000000000000030, FS  - 0000000000000030
GS   - 0000000000000030, SS  - 0000000000000030
CR0  - 0000000080010033, CR2 - 0000000000000000, CR3 - 0000000007C01000
CR4  - 0000000000000668, CR8 - 0000000000000000
DR0  - 0000000000000000, DR1 - 0000000000000000, DR2 - 0000000000000000
DR3  - 0000000000000000, DR6 - 00000000FFFF0FF0, DR7 - 0000000000000400
GDTR - 00000000079EEA98 0000000000000047, LDTR - 0000000000000000
IDTR - 0000000007586018 0000000000000FFF,   TR - 0000000000000000
FXSAVE_STATE - 0000000007EBD2D0
!!!! Can't find image information. !!!!
